2025-03-04 17:06:07,559 [Worker-6: Loading available Gradle versions] INFO  o.e.b.c.i.u.g.PublishedGradleVersions - Gradle version information cache is up-to-date. Trying to read.
2025-03-05 09:20:46,784 [Worker-6: Loading available Gradle versions] INFO  o.e.b.c.i.u.g.PublishedGradleVersions - Gradle version information cache is up-to-date. Trying to read.
2025-03-06 11:06:17,349 [Worker-7: Loading available Gradle versions] INFO  o.e.b.c.i.u.g.PublishedGradleVersions - Gradle version information cache is out-of-date. Trying to update.
2025-03-06 18:45:58,720 [Worker-7: Loading available Gradle versions] INFO  o.e.b.c.i.u.g.PublishedGradleVersions - Gradle version information cache is up-to-date. Trying to read.
2025-03-06 19:03:17,765 [Worker-4: Loading available Gradle versions] INFO  o.e.b.c.i.u.g.PublishedGradleVersions - Gradle version information cache is up-to-date. Trying to read.
2025-03-06 19:10:11,206 [Worker-4: Loading available Gradle versions] INFO  o.e.b.c.i.u.g.PublishedGradleVersions - Gradle version information cache is up-to-date. Trying to read.
2025-03-06 20:10:26,496 [Worker-1: Loading available Gradle versions] INFO  o.e.b.c.i.u.g.PublishedGradleVersions - Gradle version information cache is up-to-date. Trying to read.
2025-03-07 01:10:12,708 [Worker-7: Loading available Gradle versions] INFO  o.e.b.c.i.u.g.PublishedGradleVersions - Gradle version information cache is up-to-date. Trying to read.
2025-03-07 09:02:44,916 [Worker-8: Loading available Gradle versions] INFO  o.e.b.c.i.u.g.PublishedGradleVersions - Gradle version information cache is up-to-date. Trying to read.
2025-03-10 14:03:56,116 [Worker-8: Loading available Gradle versions] INFO  o.e.b.c.i.u.g.PublishedGradleVersions - Gradle version information cache is out-of-date. Trying to update.
2025-03-10 17:13:53,639 [main] INFO  org.eclipse.jetty.server.Server - jetty-12.0.9; built: 2024-05-03T13:03:17.262Z; git: efe8023327e67287f9bfd006700e6a71d45b5dd6; jvm 21.0.3+9-LTS
2025-03-10 17:13:53,771 [main] INFO  o.e.j.server.handler.ContextHandler - Started oeje8n.ContextHandler$CoreContextHandler@52503ba4{/wse,/wse,b=null,a=AVAILABLE,h=oeje8n.ContextHandler$CoreContextHandler$CoreToNestedHandler@4b41e609{STARTED}}
2025-03-10 17:13:53,772 [main] INFO  o.e.j.s.DefaultSessionIdManager - Session workerName=node0
2025-03-10 17:13:53,811 [main] INFO  o.e.jetty.server.AbstractConnector - Started ServerConnector@4721d8a7{HTTP/1.1, (http/1.1)}{0.0.0.0:60336}
2025-03-10 17:13:53,837 [main] INFO  org.eclipse.jetty.server.Server - Started oejs.Server@c3488f8{STARTING}[12.0.9,sto=0] @11449674ms
2025-03-10 17:13:54,432 [qtp1566185129-2550] INFO  o.e.j.e.nested.ContextHandler._wse - Warning: No org.apache.tomcat.JarScanner set in ServletContext. Falling back to default JarScanner implementation.
2025-03-10 17:46:25,039 [Framework stop - Equinox Container: f61b6597-1802-46b9-bc02-48c48f49e1c5] INFO  org.eclipse.jetty.server.Server - Stopped oejs.Server@c3488f8{STOPPING}[12.0.9,sto=0]
2025-03-10 17:46:25,044 [Framework stop - Equinox Container: f61b6597-1802-46b9-bc02-48c48f49e1c5] INFO  o.e.jetty.server.AbstractConnector - Stopped ServerConnector@4721d8a7{HTTP/1.1, (http/1.1)}{0.0.0.0:0}
2025-03-11 10:11:49,133 [Worker-7: Loading available Gradle versions] INFO  o.e.b.c.i.u.g.PublishedGradleVersions - Gradle version information cache is up-to-date. Trying to read.
2025-03-11 10:14:20,906 [Worker-2: Loading available Gradle versions] INFO  o.e.b.c.i.u.g.PublishedGradleVersions - Gradle version information cache is up-to-date. Trying to read.
